Initialization...

Running with:
 - initial diffusion coefficient: 0.1
 - frequence of diffusion coefficient: 0
 - advection velocity in x: 1
 - advection velocity in y: 1
 - advection velocity in z: 1
 - spatial discretization step: 0.0078125
 - endtime: 0.1
 - number of time slices: 64
 - time slice size: 0.0015625
 - CFL fine: 0.0075
 - CFL coarse: 0.12
 - timestep size fine: 3.05176e-06
 - timestep size coarse: 4.88281e-05
 - timesteps per slice fine propagator: 512
 - timesteps per slice coarse propagator: 32
 - parareal iterations: 6
 - asynchronous communications: Disabled
 - intermediate fields in mat files: No


Serial run time: 909.088
Parallel run time: 95.2336
Speedup: 9.54587
Maximal speedup: 9.54532
Error at end: 6.08029e-14

Application 2413434 resources: utime ~487134s, stime ~692s, Rss ~204528, inblocks ~617320, outblocks ~1641281
