Initialization...

Running with:
 - initial diffusion coefficient: 0.1
 - frequence of diffusion coefficient: 0
 - advection velocity in x: 1
 - advection velocity in y: 1
 - advection velocity in z: 1
 - spatial discretization step: 0.0078125
 - endtime: 0.1
 - number of time slices: 8
 - time slice size: 0.0125
 - CFL fine: 0.0075
 - CFL coarse: 0.12
 - timestep size fine: 3.05176e-06
 - timestep size coarse: 4.88281e-05
 - timesteps per slice fine propagator: 4096
 - timesteps per slice coarse propagator: 256
 - parareal iterations: 4
 - asynchronous communications: Disabled
 - intermediate fields in mat files: No


Serial run time: 191.078
Parallel run time: 98.9198
Speedup: 1.93165
Maximal speedup: 1.93423
Error at end: 3.45934e-10

Application 2397709 resources: utime ~2668s, stime ~427s, Rss ~132896, inblocks ~12600, outblocks ~77378
