Initialization...

Running with:
 - initial diffusion coefficient: 0.1
 - frequence of diffusion coefficient: 100
 - advection velocity in x: 1
 - advection velocity in y: 1
 - advection velocity in z: 1
 - spatial discretization step: 0.0078125
 - endtime: 0.1
 - number of time slices: 128
 - time slice size: 0.00078125
 - CFL fine: 0.0075
 - CFL coarse: 0.12
 - timestep size fine: 3.05176e-06
 - timestep size coarse: 4.88281e-05
 - timesteps per slice fine propagator: 256
 - timesteps per slice coarse propagator: 16
 - parareal iterations: 4
 - asynchronous communications: Disabled
 - intermediate fields in mat files: No


Serial run time: 191.108
Parallel run time: 8.82904
Speedup: 21.6454
Maximal speedup: 23.177
Error at end: 1.57108e-09

Application 2397704 resources: utime ~25461s, stime ~16364s, Rss ~133040, inblocks ~213636, outblocks ~254978
