Initialization...

Running with:
 - initial diffusion coefficient: 0.1
 - frequence of diffusion coefficient: 0
 - advection velocity in x: 1
 - advection velocity in y: 1
 - advection velocity in z: 1
 - spatial discretization step: 0.0078125
 - endtime: 0.1
 - number of time slices: 128
 - time slice size: 0.00078125
 - CFL fine: 0.0075
 - CFL coarse: 0.12
 - timestep size fine: 3.05176e-06
 - timestep size coarse: 4.88281e-05
 - timesteps per slice fine propagator: 256
 - timesteps per slice coarse propagator: 16
 - parareal iterations: 2
 - asynchronous communications: Disabled
 - intermediate fields in mat files: No


Serial run time: 191.084
Parallel run time: 5.7577
Speedup: 33.1876
Maximal speedup: 36.824
Error at end: 1.54151e-05

Application 2397670 resources: utime ~25085s, stime ~16305s, Rss ~133036, inblocks ~213636, outblocks ~254978
