Initialization...

Running with:
 - initial diffusion coefficient: 0.1
 - frequence of diffusion coefficient: 0
 - advection velocity in x: 1
 - advection velocity in y: 1
 - advection velocity in z: 1
 - spatial discretization step: 0.0078125
 - endtime: 0.1
 - number of time slices: 128
 - time slice size: 0.00078125
 - CFL fine: 0.0075
 - CFL coarse: 0.12
 - timestep size fine: 3.05176e-06
 - timestep size coarse: 4.88281e-05
 - timesteps per slice fine propagator: 256
 - timesteps per slice coarse propagator: 16
 - parareal iterations: 8
 - asynchronous communications: Disabled
 - intermediate fields in mat files: No


Serial run time: 191.101
Parallel run time: 14.8742
Speedup: 12.8478
Maximal speedup: 13.4104
Error at end: 7.26004e-16

Application 2397761 resources: utime ~26117s, stime ~16460s, Rss ~133036, inblocks ~213637, outblocks ~254978
