Initialization...

Running with:
 - initial diffusion coefficient: 0.1
 - frequence of diffusion coefficient: 0
 - advection velocity in x: 1
 - advection velocity in y: 1
 - advection velocity in z: 1
 - spatial discretization step: 0.0078125
 - endtime: 0.1
 - number of time slices: 32
 - time slice size: 0.003125
 - CFL fine: 0.0075
 - CFL coarse: 0.12
 - timestep size fine: 3.05176e-06
 - timestep size coarse: 4.88281e-05
 - timesteps per slice fine propagator: 1024
 - timesteps per slice coarse propagator: 64
 - parareal iterations: 3
 - asynchronous communications: Disabled
 - intermediate fields in mat files: No

Parallel run time: 20.453213 s
Node energy   : 46799.000000 J  (7.150e+01 W/node)
Device energy : 90072.000000 J  (1.376e+02 W/node)
Network energy: 16362.570381 J  (2.500e+01 W/node)
Blower energy : 9300.485005 J  (1.421e+01 W/node)
Total energy  : 162534.055386 J  (2.483e+02 W/node)
Error of parareal: 1.4961e-07

Application 2735080 resources: utime ~5784s, stime ~989s, Rss ~132832, inblocks ~55338, outblocks ~58402
