Initialization...

Running with:
 - initial diffusion coefficient: 0.1
 - frequence of diffusion coefficient: 0
 - advection velocity in x: 1
 - advection velocity in y: 1
 - advection velocity in z: 1
 - spatial discretization step: 0.0078125
 - endtime: 0.1
 - number of time slices: 16
 - time slice size: 0.00625
 - CFL fine: 0.0075
 - CFL coarse: 0.12
 - timestep size fine: 3.05176e-06
 - timestep size coarse: 4.88281e-05
 - timesteps per slice fine propagator: 2048
 - timesteps per slice coarse propagator: 128
 - parareal iterations: 3
 - asynchronous communications: Disabled
 - intermediate fields in mat files: No

Parallel run time: 38.507389 s
Node energy   : 44074.000000 J  (7.153e+01 W/node)
Device energy : 85905.000000 J  (1.394e+02 W/node)
Network energy: 15402.955627 J  (2.500e+01 W/node)
Blower energy : 8755.039979 J  (1.421e+01 W/node)
Total energy  : 154136.995606 J  (2.502e+02 W/node)
Error of parareal: 1.2136e-07

Application 2735087 resources: utime ~3158s, stime ~514s, Rss ~132812, inblocks ~27274, outblocks ~29202
