Initialization...

Running with:
 - initial diffusion coefficient: 0.1
 - frequence of diffusion coefficient: 0
 - advection velocity in x: 1
 - advection velocity in y: 1
 - advection velocity in z: 1
 - spatial discretization step: 0.0078125
 - endtime: 0.1
 - number of time slices: 64
 - time slice size: 0.0015625
 - CFL fine: 0.0075
 - CFL coarse: 0.12
 - timestep size fine: 3.05176e-06
 - timestep size coarse: 4.88281e-05
 - timesteps per slice fine propagator: 512
 - timesteps per slice coarse propagator: 32
 - parareal iterations: 3
 - asynchronous communications: Disabled
 - intermediate fields in mat files: No

Parallel run time: 11.528952 s
Node energy   : 50753.000000 J  (6.878e+01 W/node)
Device energy : 100974.000000 J  (1.368e+02 W/node)
Network energy: 18446.323395 J  (2.500e+01 W/node)
Blower energy : 10484.890218 J  (1.421e+01 W/node)
Total energy  : 180658.213612 J  (2.448e+02 W/node)
Error of parareal: 1.6507e-07

Application 2735212 resources: utime ~11099s, stime ~1878s, Rss ~132892, inblocks ~111530, outblocks ~116802
