Initialization...

Running with:
 - initial diffusion coefficient: 0.1
 - frequence of diffusion coefficient: 0
 - advection velocity in x: 1
 - advection velocity in y: 1
 - advection velocity in z: 1
 - spatial discretization step: 0.0078125
 - endtime: 0.1
 - number of time slices: 8
 - time slice size: 0.0125
 - CFL fine: 0.0075
 - CFL coarse: 0.12
 - timestep size fine: 3.05176e-06
 - timestep size coarse: 4.88281e-05
 - timesteps per slice fine propagator: 4096
 - timesteps per slice coarse propagator: 256
 - parareal iterations: 3
 - asynchronous communications: Disabled
 - intermediate fields in mat files: No

Parallel run time: 74.735537 s
Node energy   : 40206.000000 J  (6.725e+01 W/node)
Device energy : 85664.000000 J  (1.433e+02 W/node)
Network energy: 14947.107410 J  (2.500e+01 W/node)
Blower energy : 8495.935852 J  (1.421e+01 W/node)
Total energy  : 149313.043263 J  (2.497e+02 W/node)
Error of parareal: 7.4941e-08

Application 2735057 resources: utime ~1825s, stime ~302s, Rss ~132792, inblocks ~13242, outblocks ~14602
