Initialization...

Running with:
 - initial diffusion coefficient: 0.1
 - frequence of diffusion coefficient: 0
 - advection velocity in x: 1
 - advection velocity in y: 1
 - advection velocity in z: 1
 - spatial discretization step: 0.0078125
 - endtime: 0.1
 - number of time slices: 4
 - time slice size: 0.025
 - CFL fine: 0.0075
 - CFL coarse: 0.12
 - timestep size fine: 3.05176e-06
 - timestep size coarse: 4.88281e-05
 - timesteps per slice fine propagator: 8192
 - timesteps per slice coarse propagator: 512
 - parareal iterations: 3
 - asynchronous communications: Disabled
 - intermediate fields in mat files: No

Parallel run time: 147.219720 s
Node energy   : 41945.000000 J  (7.123e+01 W/node)
Device energy : 83703.000000 J  (1.421e+02 W/node)
Network energy: 14721.972013 J  (2.500e+01 W/node)
Blower energy : 8367.968892 J  (1.421e+01 W/node)
Total energy  : 148737.940904 J  (2.526e+02 W/node)
Error of parareal: 1.7248e-08

Application 2735059 resources: utime ~1164s, stime ~189s, Rss ~132712, inblocks ~6226, outblocks ~7302
