Initialization...

Running with:
 - initial diffusion coefficient: 0.1
 - frequence of diffusion coefficient: 0
 - advection velocity in x: 1
 - advection velocity in y: 1
 - advection velocity in z: 1
 - spatial discretization step: 0.0078125
 - endtime: 0.1
 - number of time slices: 1
 - time slice size: 0.1
 - CFL fine: 0.0075
 - CFL coarse: 0.12
 - timestep size fine: 3.05176e-06
 - timestep size coarse: 4.88281e-05
 - timesteps per slice fine propagator: 32768
 - timesteps per slice coarse propagator: 2048
 - parareal iterations: 3
 - asynchronous communications: Disabled
 - intermediate fields in mat files: No


Serial run time: 191.023
Node energy   : 13586.000000 J  (7.112e+01 W/node)
Device energy : 27510.000000 J  (1.440e+02 W/node)
Network energy: 4775.580072 J  (2.500e+01 W/node)
Blower energy : 2714.439713 J  (1.421e+01 W/node)
Total energy  : 48586.019786 J  (2.543e+02 W/node)

Application 2735050 resources: utime ~163s, stime ~28s, Rss ~105660, inblocks ~949, outblocks ~1827
