Initialization...

Running with:
 - initial diffusion coefficient: 0.1
 - frequence of diffusion coefficient: 0
 - advection velocity in x: 1
 - advection velocity in y: 1
 - advection velocity in z: 1
 - spatial discretization step: 0.0078125
 - endtime: 0.1
 - number of time slices: 64
 - time slice size: 0.0015625
 - CFL fine: 0.0075
 - CFL coarse: 0.12
 - timestep size fine: 3.05176e-06
 - timestep size coarse: 4.88281e-05
 - timesteps per slice fine propagator: 512
 - timesteps per slice coarse propagator: 32
 - parareal iterations: 3
 - asynchronous communications: Disabled
 - intermediate fields in mat files: No


Serial run time: 191.115
Parallel run time: 11.544
Speedup: 16.5554
Maximal speedup: 17.0214
Error at end: 1.65069e-07

Application 2424581 resources: utime ~13490s, stime ~8136s, Rss ~132928, inblocks ~106346, outblocks ~160258
