Initialization...

Running with:
 - initial diffusion coefficient: 0.1
 - frequence of diffusion coefficient: 0
 - advection velocity in x: 1
 - advection velocity in y: 1
 - advection velocity in z: 1
 - spatial discretization step: 0.0078125
 - endtime: 0.1
 - number of time slices: 4
 - time slice size: 0.025
 - CFL fine: 0.0075
 - CFL coarse: 0.12
 - timestep size fine: 3.05176e-06
 - timestep size coarse: 4.88281e-05
 - timesteps per slice fine propagator: 8192
 - timesteps per slice coarse propagator: 512
 - parareal iterations: 6
 - asynchronous communications: Disabled
 - intermediate fields in mat files: No


Parallel run time: 292.309

Application 2424800 resources: utime ~988s, stime ~181s, Rss ~109412, inblocks ~5906, outblocks ~5921
