Initialization...

Running with:
 - initial diffusion coefficient: 0.1
 - frequence of diffusion coefficient: 0
 - advection velocity in x: 1
 - advection velocity in y: 1
 - advection velocity in z: 1
 - spatial discretization step: 0.0078125
 - endtime: 0.1
 - number of time slices: 32
 - time slice size: 0.003125
 - CFL fine: 0.0075
 - CFL coarse: 0.12
 - timestep size fine: 3.05176e-06
 - timestep size coarse: 4.88281e-05
 - timesteps per slice fine propagator: 1024
 - timesteps per slice coarse propagator: 64
 - parareal iterations: 3
 - asynchronous communications: Disabled
 - intermediate fields in mat files: No

Parallel run time: 96.247656 s
Node energy   : 410313.000000 J  (1.332e+02 W/node)
Device energy : 68171.000000 J  (2.213e+01 W/node)
Network energy: 76998.124886 J  (2.500e+01 W/node)
Blower energy : 43765.734185 J  (1.421e+01 W/node)
Total energy  : 599247.859071 J  (1.946e+02 W/node)
Error of parareal: 1.4961e-07

Application 2735078 resources: utime ~235183s, stime ~333s, Rss ~207740, inblocks ~44392, outblocks ~44065
