Initialization...

Running with:
 - initial diffusion coefficient: 0.1
 - frequence of diffusion coefficient: 0
 - advection velocity in x: 1
 - advection velocity in y: 1
 - advection velocity in z: 1
 - spatial discretization step: 0.0078125
 - endtime: 0.1
 - number of time slices: 16
 - time slice size: 0.00625
 - CFL fine: 0.0075
 - CFL coarse: 0.12
 - timestep size fine: 3.05176e-06
 - timestep size coarse: 4.88281e-05
 - timesteps per slice fine propagator: 2048
 - timesteps per slice coarse propagator: 128
 - parareal iterations: 3
 - asynchronous communications: Disabled
 - intermediate fields in mat files: No

Parallel run time: 184.654055 s
Node energy   : 398198.000000 J  (1.348e+02 W/node)
Device energy : 65719.000000 J  (2.224e+01 W/node)
Network energy: 73861.622047 J  (2.500e+01 W/node)
Blower energy : 41982.945972 J  (1.421e+01 W/node)
Total energy  : 579761.568019 J  (1.962e+02 W/node)
Error of parareal: 1.2136e-07

Application 2735086 resources: utime ~127617s, stime ~188s, Rss ~207708, inblocks ~21800, outblocks ~22033
