Initialization...

Running with:
 - initial diffusion coefficient: 0.1
 - frequence of diffusion coefficient: 0
 - advection velocity in x: 1
 - advection velocity in y: 1
 - advection velocity in z: 1
 - spatial discretization step: 0.0078125
 - endtime: 0.1
 - number of time slices: 8
 - time slice size: 0.0125
 - CFL fine: 0.0075
 - CFL coarse: 0.12
 - timestep size fine: 3.05176e-06
 - timestep size coarse: 4.88281e-05
 - timesteps per slice fine propagator: 4096
 - timesteps per slice coarse propagator: 256
 - parareal iterations: 3
 - asynchronous communications: Disabled
 - intermediate fields in mat files: No

Parallel run time: 361.717240 s
Node energy   : 388356.000000 J  (1.307e+02 W/node)
Device energy : 58172.000000 J  (2.010e+01 W/node)
Network energy: 72343.447971 J  (2.500e+01 W/node)
Blower energy : 41120.015827 J  (1.421e+01 W/node)
Total energy  : 559991.463798 J  (1.901e+02 W/node)
Error of parareal: 7.4941e-08

Application 2735052 resources: utime ~74031s, stime ~114s, Rss ~207696, inblocks ~10504, outblocks ~11017
