Initialization...

Running with:
 - initial diffusion coefficient: 0.1
 - frequence of diffusion coefficient: 0
 - advection velocity in x: 1
 - advection velocity in y: 1
 - advection velocity in z: 1
 - spatial discretization step: 0.0078125
 - endtime: 0.1
 - number of time slices: 128
 - time slice size: 0.00078125
 - CFL fine: 0.0075
 - CFL coarse: 0.12
 - timestep size fine: 3.05176e-06
 - timestep size coarse: 4.88281e-05
 - timesteps per slice fine propagator: 256
 - timesteps per slice coarse propagator: 16
 - parareal iterations: 3
 - asynchronous communications: Disabled
 - intermediate fields in mat files: No

Parallel run time: 31.241269 s
Node energy   : 493855.000000 J  (1.235e+02 W/node)
Device energy : 88444.000000 J  (2.212e+01 W/node)
Network energy: 99972.060394 J  (2.500e+01 W/node)
Blower energy : 56824.119128 J  (1.421e+01 W/node)
Total energy  : 739095.179522 J  (1.848e+02 W/node)
Error of parareal: 1.7314e-07

Application 2735206 resources: utime ~880665s, stime ~1338s, Rss ~207908, inblocks ~180200, outblocks ~176257
