Initialization...

Running with:
 - initial diffusion coefficient: 0.1
 - frequence of diffusion coefficient: 0
 - advection velocity in x: 1
 - advection velocity in y: 1
 - advection velocity in z: 1
 - spatial discretization step: 0.0078125
 - endtime: 0.1
 - number of time slices: 64
 - time slice size: 0.0015625
 - CFL fine: 0.0075
 - CFL coarse: 0.12
 - timestep size fine: 3.05176e-06
 - timestep size coarse: 4.88281e-05
 - timesteps per slice fine propagator: 512
 - timesteps per slice coarse propagator: 32
 - parareal iterations: 3
 - asynchronous communications: Disabled
 - intermediate fields in mat files: No

Parallel run time: 52.048554 s
Node energy   : 434802.000000 J  (1.305e+02 W/node)
Device energy : 70336.000000 J  (2.111e+01 W/node)
Network energy: 83277.686310 J  (2.500e+01 W/node)
Blower energy : 47335.036898 J  (1.421e+01 W/node)
Total energy  : 635750.723208 J  (1.909e+02 W/node)
Error of parareal: 1.6507e-07

Application 2735195 resources: utime ~446081s, stime ~643s, Rss ~207796, inblocks ~89576, outblocks ~88129
