Initialization...

Running with:
 - initial diffusion coefficient: 0.1
 - frequence of diffusion coefficient: 0
 - advection velocity in x: 1
 - advection velocity in y: 1
 - advection velocity in z: 1
 - spatial discretization step: 0.0078125
 - endtime: 0.1
 - number of time slices: 1
 - time slice size: 0.1
 - CFL fine: 0.0075
 - CFL coarse: 0.12
 - timestep size fine: 3.05176e-06
 - timestep size coarse: 4.88281e-05
 - timesteps per slice fine propagator: 32768
 - timesteps per slice coarse propagator: 2048
 - parareal iterations: 3
 - asynchronous communications: Disabled
 - intermediate fields in mat files: No


Serial run time: 917.648
Node energy   : 121196.000000 J  (1.321e+02 W/node)
Device energy : 22916.000000 J  (2.497e+01 W/node)
Network energy: 22941.196501 J  (2.500e+01 W/node)
Blower energy : 13039.776091 J  (1.421e+01 W/node)
Total energy  : 180092.972593 J  (1.963e+02 W/node)

Application 2735053 resources: utime ~6664s, stime ~8s, Rss ~184312, inblocks ~538, outblocks ~1378
