Initialization...

Running with:
 - initial diffusion coefficient: 0.1
 - frequence of diffusion coefficient: 0
 - advection velocity in x: 1
 - advection velocity in y: 1
 - advection velocity in z: 1
 - spatial discretization step: 0.0078125
 - endtime: 0.1
 - number of time slices: 8
 - time slice size: 0.0125
 - CFL fine: 0.0075
 - CFL coarse: 0.12
 - timestep size fine: 3.05176e-06
 - timestep size coarse: 4.88281e-05
 - timesteps per slice fine propagator: 4096
 - timesteps per slice coarse propagator: 256
 - parareal iterations: 3
 - asynchronous communications: Disabled
 - intermediate fields in mat files: No


Parallel run time: 74.7335

Application 2424243 resources: utime ~510s, stime ~91s, Rss ~109488, inblocks ~12602, outblocks ~11841
