Initialization...

Running with:
 - initial diffusion coefficient: 0.1
 - frequence of diffusion coefficient: 0
 - advection velocity in x: 1
 - advection velocity in y: 1
 - advection velocity in z: 1
 - spatial discretization step: 0.0078125
 - endtime: 0.1
 - number of time slices: 16
 - time slice size: 0.00625
 - CFL fine: 0.0075
 - CFL coarse: 0.12
 - timestep size fine: 3.05176e-06
 - timestep size coarse: 4.88281e-05
 - timesteps per slice fine propagator: 2048
 - timesteps per slice coarse propagator: 128
 - parareal iterations: 5
 - asynchronous communications: Disabled
 - intermediate fields in mat files: No


Serial run time: 191.094

Application 2424181 resources: utime ~2614s, stime ~448s, Rss ~109492, inblocks ~25994, outblocks ~23681
