Initialization...

Running with:
 - initial diffusion coefficient: 0.1
 - frequence of diffusion coefficient: 0
 - advection velocity in x: 1
 - advection velocity in y: 1
 - advection velocity in z: 1
 - spatial discretization step: 0.0078125
 - endtime: 0.1
 - number of time slices: 16
 - time slice size: 0.00625
 - CFL fine: 0.0075
 - CFL coarse: 0.12
 - timestep size fine: 3.05176e-06
 - timestep size coarse: 4.88281e-05
 - timesteps per slice fine propagator: 2048
 - timesteps per slice coarse propagator: 128
 - parareal iterations: 3
 - asynchronous communications: Disabled
 - intermediate fields in mat files: No


Serial run time: 904.753
Parallel run time: 179.068
Speedup: 5.05256
Maximal speedup: 5.02322
Error at end: 1.21359e-07

Application 2424680 resources: utime ~148024s, stime ~213s, Rss ~204448, inblocks ~153428, outblocks ~459473
