Initialization...

Running with:
 - initial diffusion coefficient: 0.1
 - frequence of diffusion coefficient: 100
 - advection velocity in x: 1
 - advection velocity in y: 1
 - advection velocity in z: 1
 - spatial discretization step: 0.0078125
 - endtime: 0.1
 - number of time slices: 16
 - time slice size: 0.00625
 - CFL fine: 0.0075
 - CFL coarse: 0.12
 - timestep size fine: 3.05176e-06
 - timestep size coarse: 4.88281e-05
 - timesteps per slice fine propagator: 2048
 - timesteps per slice coarse propagator: 128
 - parareal iterations: 6
 - asynchronous communications: Disabled
 - intermediate fields in mat files: No


Serial run time: 912.878
Parallel run time: 356.124
Speedup: 2.56337
Maximal speedup: 2.57269
Error at end: 1.98337e-14

Application 2413530 resources: utime ~170010s, stime ~1744s, Rss ~204452, inblocks ~148448, outblocks ~459473
