Initialization...

Running with:
 - initial diffusion coefficient: 0.1
 - frequence of diffusion coefficient: 0
 - advection velocity in x: 1
 - advection velocity in y: 1
 - advection velocity in z: 1
 - spatial discretization step: 0.0078125
 - endtime: 0.1
 - number of time slices: 4
 - time slice size: 0.025
 - CFL fine: 0.0075
 - CFL coarse: 0.12
 - timestep size fine: 3.05176e-06
 - timestep size coarse: 4.88281e-05
 - timesteps per slice fine propagator: 8192
 - timesteps per slice coarse propagator: 512
 - parareal iterations: 3
 - asynchronous communications: Disabled
 - intermediate fields in mat files: No


Serial run time: 902.362
Parallel run time: 694.402
Speedup: 1.29948
Maximal speedup: 1.30235
Error at end: 1.72482e-08

Application 2424448 resources: utime ~69759s, stime ~105s, Rss ~204416, inblocks ~37604, outblocks ~164021
