Initialization...

Running with:
 - initial diffusion coefficient: 0.1
 - frequence of diffusion coefficient: 0
 - advection velocity in x: 1
 - advection velocity in y: 1
 - advection velocity in z: 1
 - spatial discretization step: 0.0078125
 - endtime: 0.1
 - number of time slices: 128
 - time slice size: 0.00078125
 - CFL fine: 0.0075
 - CFL coarse: 0.12
 - timestep size fine: 3.05176e-06
 - timestep size coarse: 4.88281e-05
 - timesteps per slice fine propagator: 256
 - timesteps per slice coarse propagator: 16
 - parareal iterations: 6
 - asynchronous communications: Disabled
 - intermediate fields in mat files: No


Serial run time: 901.407
Parallel run time: 52.312
Speedup: 17.2314
Maximal speedup: 17.4275
Error at end: 7.15114e-14

Application 2413436 resources: utime ~908043s, stime ~1532s, Rss ~204648, inblocks ~1233124, outblocks ~3217025
