Initialization...

Running with:
 - initial diffusion coefficient: 0.1
 - frequence of diffusion coefficient: 0
 - advection velocity in x: 1
 - advection velocity in y: 1
 - advection velocity in z: 1
 - spatial discretization step: 0.0078125
 - endtime: 0.1
 - number of time slices: 64
 - time slice size: 0.0015625
 - CFL fine: 0.0075
 - CFL coarse: 0.12
 - timestep size fine: 3.05176e-06
 - timestep size coarse: 4.88281e-05
 - timesteps per slice fine propagator: 512
 - timesteps per slice coarse propagator: 32
 - parareal iterations: 3
 - asynchronous communications: Disabled
 - intermediate fields in mat files: No


Serial run time: 909.16
Parallel run time: 51.8431
Speedup: 17.5367
Maximal speedup: 17.4209
Error at end: 1.65069e-07

Application 2424451 resources: utime ~465727s, stime ~801s, Rss ~204532, inblocks ~605144, outblocks ~1641281
