Initialization...

Running with:
 - initial diffusion coefficient: 0.1
 - frequence of diffusion coefficient: 100
 - advection velocity in x: 1
 - advection velocity in y: 1
 - advection velocity in z: 1
 - spatial discretization step: 0.0078125
 - endtime: 0.1
 - number of time slices: 8
 - time slice size: 0.0125
 - CFL fine: 0.0075
 - CFL coarse: 0.12
 - timestep size fine: 3.05176e-06
 - timestep size coarse: 4.88281e-05
 - timesteps per slice fine propagator: 4096
 - timesteps per slice coarse propagator: 256
 - parareal iterations: 3
 - asynchronous communications: Disabled
 - intermediate fields in mat files: No


Serial run time: 908.554
Parallel run time: 351.268
Speedup: 2.5865
Maximal speedup: 2.57345
Error at end: 7.59444e-08

Application 2417824 resources: utime ~96109s, stime ~139s, Rss ~204436, inblocks ~73700, outblocks ~262505
