Initialization...

Running with:
 - initial diffusion coefficient: 0.1
 - frequence of diffusion coefficient: 100
 - advection velocity in x: 1
 - advection velocity in y: 1
 - advection velocity in z: 1
 - spatial discretization step: 0.0078125
 - endtime: 0.1
 - number of time slices: 32
 - time slice size: 0.003125
 - CFL fine: 0.0075
 - CFL coarse: 0.12
 - timestep size fine: 3.05176e-06
 - timestep size coarse: 4.88281e-05
 - timesteps per slice fine propagator: 1024
 - timesteps per slice coarse propagator: 64
 - parareal iterations: 3
 - asynchronous communications: Disabled
 - intermediate fields in mat files: No


Serial run time: 191.078
Parallel run time: 20.4937
Speedup: 9.32375
Maximal speedup: 9.40243
Error at end: 1.51644e-07

Application 2397687 resources: utime ~7200s, stime ~4204s, Rss ~132940, inblocks ~52778, outblocks ~112898
