Initialization...

Running with:
 - initial diffusion coefficient: 0.1
 - frequence of diffusion coefficient: 0
 - advection velocity in x: 1
 - advection velocity in y: 1
 - advection velocity in z: 1
 - spatial discretization step: 0.0078125
 - endtime: 0.1
 - number of time slices: 32
 - time slice size: 0.003125
 - CFL fine: 0.0075
 - CFL coarse: 0.12
 - timestep size fine: 3.05176e-06
 - timestep size coarse: 4.88281e-05
 - timesteps per slice fine propagator: 1024
 - timesteps per slice coarse propagator: 64
 - parareal iterations: 8
 - asynchronous communications: Disabled
 - intermediate fields in mat files: No


Serial run time: 191.079
Parallel run time: 50.7194
Speedup: 3.76739
Maximal speedup: 3.78535
Error at end: 5.44503e-16

Application 2397768 resources: utime ~8017s, stime ~4337s, Rss ~132936, inblocks ~52778, outblocks ~112898
