Initialization...

Running with:
 - initial diffusion coefficient: 0.1
 - frequence of diffusion coefficient: 0
 - advection velocity in x: 1
 - advection velocity in y: 1
 - advection velocity in z: 1
 - spatial discretization step: 0.0078125
 - endtime: 0.1
 - number of time slices: 32
 - time slice size: 0.003125
 - CFL fine: 0.0075
 - CFL coarse: 0.12
 - timestep size fine: 3.05176e-06
 - timestep size coarse: 4.88281e-05
 - timesteps per slice fine propagator: 1024
 - timesteps per slice coarse propagator: 64
 - parareal iterations: 7
 - asynchronous communications: Disabled
 - intermediate fields in mat files: No


Serial run time: 191.098
Parallel run time: 44.6654
Speedup: 4.27844
Maximal speedup: 4.29978
Error at end: 7.26004e-16

Application 2397762 resources: utime ~7859s, stime ~4302s, Rss ~132936, inblocks ~52778, outblocks ~112898
