Initialization...

Running with:
 - initial diffusion coefficient: 0.1
 - frequence of diffusion coefficient: 0
 - advection velocity in x: 1
 - advection velocity in y: 1
 - advection velocity in z: 1
 - spatial discretization step: 0.0078125
 - endtime: 0.1
 - number of time slices: 32
 - time slice size: 0.003125
 - CFL fine: 0.0075
 - CFL coarse: 0.12
 - timestep size fine: 3.05176e-06
 - timestep size coarse: 4.88281e-05
 - timesteps per slice fine propagator: 1024
 - timesteps per slice coarse propagator: 64
 - parareal iterations: 5
 - asynchronous communications: Disabled
 - intermediate fields in mat files: No


Serial run time: 191.091
Parallel run time: 32.5604
Speedup: 5.86883
Maximal speedup: 5.90467
Error at end: 7.8178e-12

Application 2397710 resources: utime ~7515s, stime ~4256s, Rss ~132936, inblocks ~52778, outblocks ~112898
