Initialization...

Running with:
 - initial diffusion coefficient: 0.1
 - frequence of diffusion coefficient: 100
 - advection velocity in x: 1
 - advection velocity in y: 1
 - advection velocity in z: 1
 - spatial discretization step: 0.0078125
 - endtime: 0.1
 - number of time slices: 32
 - time slice size: 0.003125
 - CFL fine: 0.0075
 - CFL coarse: 0.12
 - timestep size fine: 3.05176e-06
 - timestep size coarse: 4.88281e-05
 - timesteps per slice fine propagator: 1024
 - timesteps per slice coarse propagator: 64
 - parareal iterations: 2
 - asynchronous communications: Disabled
 - intermediate fields in mat files: No


Serial run time: 191.089
Parallel run time: 14.44
Speedup: 13.2333
Maximal speedup: 13.3798
Error at end: 1.44924e-05

Application 2397676 resources: utime ~6305s, stime ~1064s, Rss ~132940, inblocks ~52778, outblocks ~112898
