Initialization...

Running with:
 - initial diffusion coefficient: 0.1
 - frequence of diffusion coefficient: 0
 - advection velocity in x: 1
 - advection velocity in y: 1
 - advection velocity in z: 1
 - spatial discretization step: 0.0078125
 - endtime: 0.1
 - number of time slices: 32
 - time slice size: 0.003125
 - CFL fine: 0.0075
 - CFL coarse: 0.12
 - timestep size fine: 3.05176e-06
 - timestep size coarse: 4.88281e-05
 - timesteps per slice fine propagator: 1024
 - timesteps per slice coarse propagator: 64
 - parareal iterations: 6
 - asynchronous communications: Disabled
 - intermediate fields in mat files: No


Serial run time: 909.602
Parallel run time: 181.538
Speedup: 5.01054
Maximal speedup: 5.01431
Error at end: 4.26528e-14

Application 2413826 resources: utime ~276820s, stime ~6428s, Rss ~204468, inblocks ~293744, outblocks ~853409
